<?xml version="1.0" encoding="UTF-8"?>
<testng-results ignored="0" total="1" passed="1" failed="0" skipped="0">
  <reporter-output>
    <line>
      <![CDATA[Execution Started]]>
    </line>
    <line>
      <![CDATA[execution completed]]>
    </line>
  </reporter-output>
  <suite started-at="2023-06-14T11:36:49 IST" name="Default suite" finished-at="2023-06-14T11:37:49 IST" duration-ms="59927">
    <groups>
    </groups>
    <test started-at="2023-06-14T11:36:49 IST" name="Default test" finished-at="2023-06-14T11:37:49 IST" duration-ms="59927">
      <class name="com.Actitime.TestCases.Actitime_LoginLogout">
        <test-method is-config="true" signature="executionStart()[pri:0, instance:com.Actitime.TestCases.Actitime_LoginLogout@3270d194]" started-at="2023-06-14T11:36:49 IST" name="executionStart" finished-at="2023-06-14T11:36:49 IST" duration-ms="10" status="PASS">
          <reporter-output>
            <line>
              <![CDATA[Execution Started]]>
            </line>
          </reporter-output>
        </test-method> <!-- executionStart -->
        <test-method is-config="true" signature="setup()[pri:0, instance:com.Actitime.TestCases.Actitime_LoginLogout@3270d194]" started-at="2023-06-14T11:36:49 IST" name="setup" finished-at="2023-06-14T11:37:40 IST" duration-ms="50433" status="PASS">
          <reporter-output>
          </reporter-output>
        </test-method> <!-- setup -->
        <test-method signature="LoginLogout()[pri:0, instance:com.Actitime.TestCases.Actitime_LoginLogout@3270d194]" started-at="2023-06-14T11:37:40 IST" name="LoginLogout" finished-at="2023-06-14T11:37:49 IST" duration-ms="9353" status="PASS">
          <reporter-output>
          </reporter-output>
        </test-method> <!-- LoginLogout -->
        <test-method is-config="true" signature="tearDown()[pri:0, instance:com.Actitime.TestCases.Actitime_LoginLogout@3270d194]" started-at="2023-06-14T11:37:49 IST" name="tearDown" finished-at="2023-06-14T11:37:49 IST" duration-ms="106" status="PASS">
          <reporter-output>
          </reporter-output>
        </test-method> <!-- tearDown -->
        <test-method is-config="true" signature="executionComplete()[pri:0, instance:com.Actitime.TestCases.Actitime_LoginLogout@3270d194]" started-at="2023-06-14T11:37:49 IST" name="executionComplete" finished-at="2023-06-14T11:37:49 IST" duration-ms="0" status="PASS">
          <reporter-output>
            <line>
              <![CDATA[execution completed]]>
            </line>
          </reporter-output>
        </test-method> <!-- executionComplete -->
      </class> <!-- com.Actitime.TestCases.Actitime_LoginLogout -->
    </test> <!-- Default test -->
  </suite> <!-- Default suite -->
</testng-results>
